"Start of log file."
"C:/Users/Dan/Desktop/CyberJam/CYBERS~1/Assets/External/KEYBOA~1.MAX"
"Starting max loading and fbx conversion"
window = undefined
"Settings units"
"Before fbx export"
"After fbx export"
"Finished max loading and fbx conversion"
"C:/Users/Dan/Desktop/CyberJam/CYBERS~1/Assets/External/VERTEB~1.MAX"
"Starting max loading and fbx conversion"
window = undefined
"Settings units"
"Before fbx export"
"After fbx export"
"Finished max loading and fbx conversion"
"C:/Users/Dan/Desktop/CyberJam/CYBERS~1/Assets/External/1.max"
"Starting max loading and fbx conversion"
window = undefined
"Settings units"
"Before fbx export"
"After fbx export"
"Finished max loading and fbx conversion"
"C:/Users/Dan/Desktop/CyberJam/CYBERS~1/Assets/External/disk/disk.max"
"Starting max loading and fbx conversion"
window = undefined
"Settings units"
"Before fbx export"
"After fbx export"
"Finished max loading and fbx conversion"
"C:/Users/Dan/Desktop/CyberJam/CYBERS~1/Assets/External/MECHSP~1/MECHSP~1.MAX"
"Starting max loading and fbx conversion"
window = undefined
"Settings units"
"Before fbx export"
"After fbx export"
"Finished max loading and fbx conversion"
